<?xml version="1.0" encoding="UTF-8"?>
<!-- Generated by org.testng.reporters.JUnitReportReporter -->
<testsuite hostname="DESKTOP-88A1DLB" failures="0" tests="1" name="com.luma.testCases.TC_OrderTest" time="49.018" errors="0" timestamp="26 Apr 2024 17:44:27 GMT" skipped="0">
  <testcase classname="com.luma.testCases.TC_OrderTest" name="orderTest" time="49.018"/>
</testsuite> <!-- com.luma.testCases.TC_OrderTest -->
