<?xml version="1.0" encoding="UTF-8"?>
<!-- Generated by org.testng.reporters.JUnitReportReporter -->
<testsuite hostname="DESKTOP-88A1DLB" failures="0" tests="1" name="com.luma.testCases.TC_OrderTest" time="48.200" errors="0" timestamp="23 Apr 2024 18:16:23 GMT" skipped="0">
  <testcase classname="com.luma.testCases.TC_OrderTest" name="orderTest" time="48.200"/>
</testsuite> <!-- com.luma.testCases.TC_OrderTest -->
