<?xml version="1.0" encoding="UTF-8"?>
<!-- Generated by org.testng.reporters.JUnitReportReporter -->
<testsuite hostname="DESKTOP-88A1DLB" failures="0" tests="1" name="com.luma.testCases.TC_LoginTest_001" time="9.503" errors="0" timestamp="18 Apr 2024 07:29:36 GMT" skipped="0">
  <testcase classname="com.luma.testCases.TC_LoginTest_001" name="loginTest" time="9.503"/>
</testsuite> <!-- com.luma.testCases.TC_LoginTest_001 -->
